<?xml version="1.0" encoding="UTF-8"?>
<!-- Generated by org.testng.reporters.JUnitReportReporter -->
<testsuite skipped="0" hostname="DESKTOP-083FUMN" name="com.class3.Task" tests="5" failures="0" timestamp="2020-01-15T23:02:23 CST" time="56.593" errors="0">
  <testcase name="addEmp" time="10.761" classname="com.class3.Task"/>
  <testcase name="addEmp" time="11.992" classname="com.class3.Task"/>
  <testcase name="addEmp" time="11.457" classname="com.class3.Task"/>
  <testcase name="addEmp" time="11.515" classname="com.class3.Task"/>
  <testcase name="addEmp" time="10.868" classname="com.class3.Task"/>
</testsuite> <!-- com.class3.Task -->
