<?xml version="1.0" encoding="UTF-8"?>
<!-- Generated by org.testng.reporters.JUnitReportReporter -->
<testsuite skipped="0" hostname="DESKTOP-083FUMN" name="com.demo1.Demo_Selenium" tests="1" failures="0" timestamp="2021-04-16T11:17:52 CDT" time="20.254" errors="0">
  <testcase name="validation" time="20.254" classname="com.demo1.Demo_Selenium"/>
  <system-out/>
</testsuite> <!-- com.demo1.Demo_Selenium -->
