<?xml version="1.0" encoding="UTF-8"?>
<!-- Generated by org.testng.reporters.JUnitReportReporter -->
<testsuite skipped="0" hostname="DESKTOP-083FUMN" name="com.class3.AlwaysRun" tests="2" failures="0" timestamp="2020-05-25T23:27:01 CDT" time="0.005" errors="0">
  <testcase name="testMethod" time="0.004" classname="com.class3.AlwaysRun"/>
  <system-out/>
  <testcase name="testMethod1" time="0.001" classname="com.class3.AlwaysRun"/>
  <system-out/>
</testsuite> <!-- com.class3.AlwaysRun -->
