<?xml version="1.0" encoding="UTF-8"?>
<!-- Generated by org.testng.reporters.JUnitReportReporter -->
<testsuite skipped="0" hostname="DESKTOP-083FUMN" name="com.class3.Groups" tests="2" failures="0" timestamp="2020-05-25T23:27:23 CDT" time="14.169" errors="0">
  <testcase name="validLogin" time="8.945" classname="com.class3.Groups"/>
  <system-out/>
  <testcase name="titleValidation" time="5.224" classname="com.class3.Groups"/>
  <system-out/>
</testsuite> <!-- com.class3.Groups -->
