<?xml version="1.0" encoding="UTF-8"?>
<!-- Generated by org.testng.reporters.JUnitReportReporter -->
<testsuite skipped="0" hostname="DESKTOP-083FUMN" name="com.class2.Task" tests="4" failures="0" timestamp="2020-01-13T14:21:09 CST" time="63.170" errors="0">
  <testcase name="validationOfMessage" time="13.013" classname="com.class2.Task"/>
  <testcase name="validLogin" time="18.031" classname="com.class2.Task"/>
  <testcase name="validationOfMessage" time="14.213" classname="com.class2.Task"/>
  <testcase name="validLogin" time="17.913" classname="com.class2.Task"/>
</testsuite> <!-- com.class2.Task -->
