<?xml version="1.0" encoding="UTF-8"?>
<!-- Generated by org.testng.reporters.JUnitReportReporter -->
<testsuite skipped="0" hostname="DESKTOP-083FUMN" name="com.class1.TitleLogoAndLoginVerification" tests="3" failures="0" timestamp="2020-05-26T02:55:22 CDT" time="2.121" errors="0">
  <testcase name="titleValidation" time="0.008" classname="com.class1.TitleLogoAndLoginVerification"/>
  <system-out/>
  <testcase name="validLogin" time="2.036" classname="com.class1.TitleLogoAndLoginVerification"/>
  <system-out/>
  <testcase name="logoValidation" time="0.077" classname="com.class1.TitleLogoAndLoginVerification"/>
  <system-out/>
</testsuite> <!-- com.class1.TitleLogoAndLoginVerification -->
