<?xml version="1.0" encoding="UTF-8"?>
<!-- Generated by org.testng.reporters.JUnitReportReporter -->
<testsuite skipped="0" hostname="DESKTOP-083FUMN" name="com.class2.SoftAssertionDemo" tests="1" failures="0" timestamp="2020-05-26T02:31:39 CDT" time="14.720" errors="0">
  <testcase name="logoAndLogin" time="14.720" classname="com.class2.SoftAssertionDemo"/>
  <system-out/>
</testsuite> <!-- com.class2.SoftAssertionDemo -->
