<?xml version="1.0" encoding="UTF-8"?>
<!-- Generated by org.testng.reporters.JUnitReportReporter -->
<testsuite skipped="1" hostname="DESKTOP-083FUMN" name="com.class2.HW" tests="2" failures="0" timestamp="2020-05-25T22:13:55 CDT" time="5.448" errors="0">
  <testcase name="validationOfMessage" time="5.448" classname="com.class2.HW"/>
  <system-out/>
  <testcase name="validationOfLogo" classname="com.class2.HW">
    <skipped/>
  </testcase> <!-- validationOfLogo -->
  <system-out/>
</testsuite> <!-- com.class2.HW -->
