<?xml version="1.0" encoding="UTF-8"?>
<!-- Generated by org.testng.reporters.JUnitReportReporter -->
<testsuite skipped="0" hostname="DESKTOP-083FUMN" name="com.class1.TestNGDemo" tests="3" failures="0" timestamp="2020-01-15T11:47:42 CST" time="0.011" errors="0">
  <testcase name="testOne" time="0.009" classname="com.class1.TestNGDemo"/>
  <testcase name="testTwo" time="0.001" classname="com.class1.TestNGDemo"/>
  <testcase name="testThree" time="0.001" classname="com.class1.TestNGDemo"/>
</testsuite> <!-- com.class1.TestNGDemo -->
