<?xml version="1.0" encoding="UTF-8"?>
<!-- Generated by org.testng.reporters.JUnitReportReporter -->
<testsuite skipped="0" hostname="DESKTOP-083FUMN" name="com.class1.DifferentAnnotations" tests="1" failures="0" timestamp="2021-04-13T13:18:09 CDT" time="0.012" errors="0">
  <testcase name="test" time="0.012" classname="com.class1.DifferentAnnotations"/>
  <system-out/>
</testsuite> <!-- com.class1.DifferentAnnotations -->
