<?xml version="1.0" encoding="UTF-8"?>
<!-- Generated by org.testng.reporters.JUnitReportReporter -->
<testsuite skipped="0" hostname="DESKTOP-083FUMN" name="com.demo1.Demo_Selenium_onlyTest" tests="1" failures="0" timestamp="2021-04-16T11:26:31 CDT" time="67.608" errors="0">
  <testcase name="test" time="67.608" classname="com.demo1.Demo_Selenium_onlyTest"/>
  <system-out/>
</testsuite> <!-- com.demo1.Demo_Selenium_onlyTest -->
