<?xml version="1.0" encoding="UTF-8"?>
<!-- Generated by org.testng.reporters.JUnitReportReporter -->
<testsuite skipped="0" hostname="DESKTOP-083FUMN" name="com.class1.HW2" tests="1" failures="0" timestamp="2020-05-25T23:16:18 CDT" time="16.050" errors="0">
  <testcase name="validLogin" time="16.050" classname="com.class1.HW2"/>
  <system-out/>
</testsuite> <!-- com.class1.HW2 -->
