<?xml version="1.0" encoding="UTF-8"?>
<!-- Generated by org.testng.reporters.JUnitReportReporter -->
<testsuite skipped="0" hostname="DESKTOP-083FUMN" name="com.class1.HW1" tests="2" failures="0" timestamp="2020-05-26T01:23:20 CDT" time="29.521" errors="0">
  <testcase name="validLogin" time="18.962" classname="com.class1.HW1"/>
  <system-out/>
  <testcase name="testPassword" time="10.559" classname="com.class1.HW1"/>
  <system-out/>
</testsuite> <!-- com.class1.HW1 -->
