<?xml version="1.0" encoding="UTF-8"?>
<!-- Generated by org.testng.reporters.JUnitReportReporter -->
<testsuite skipped="0" hostname="DESKTOP-083FUMN" name="com.class1.TaskTwo" tests="2" failures="0" timestamp="2020-08-27T21:10:53 CDT" time="0.005" errors="0">
  <testcase name="testZ9" time="0.001" classname="com.class1.TaskTwo"/>
  <system-out/>
  <testcase name="testA1" time="0.004" classname="com.class1.TaskTwo"/>
  <system-out/>
</testsuite> <!-- com.class1.TaskTwo -->
