<?xml version="1.0" encoding="UTF-8"?>
<!-- Generated by org.testng.reporters.JUnitReportReporter -->
<testsuite skipped="0" hostname="DESKTOP-083FUMN" name="com.demo1.ConfigsReader" tests="1" failures="0" timestamp="2021-04-15T23:52:43 CDT" time="17.988" errors="0">
  <testcase name="validationViaLongWay" time="17.988" classname="com.demo1.ConfigsReader"/>
  <system-out/>
</testsuite> <!-- com.demo1.ConfigsReader -->
